2021-04-08 10:20:24.208 INFO  com.atguigu.SpringBoot01Application - Starting SpringBoot01Application using Java 1.8.0_91 on DESKTOP-GFVPL3E with PID 13280 (D:\project\spring-boot-01\target\classes started by ADMIN in D:\project\spring-boot-01)
2021-04-08 10:20:24.224 INFO  com.atguigu.SpringBoot01Application - No active profile set, falling back to default profiles: default
2021-04-08 10:20:25.026 INFO  o.s.d.r.config.RepositoryConfigurationDelegate - Multiple Spring Data modules found, entering strict repository configuration mode!
2021-04-08 10:20:25.026 INFO  o.s.d.r.config.RepositoryConfigurationDelegate - Bootstrapping Spring Data Redis repositories in DEFAULT mode.
2021-04-08 10:20:25.057 INFO  o.s.d.r.config.RepositoryConfigurationDelegate - Finished Spring Data repository scanning in 9 ms. Found 0 Redis repository interfaces.
2021-04-08 10:21:04.720 INFO  com.atguigu.SpringBoot01Application - Starting SpringBoot01Application using Java 1.8.0_91 on DESKTOP-GFVPL3E with PID 5676 (D:\project\spring-boot-01\target\classes started by ADMIN in D:\project\spring-boot-01)
2021-04-08 10:21:04.735 INFO  com.atguigu.SpringBoot01Application - No active profile set, falling back to default profiles: default
2021-04-08 10:21:05.306 INFO  o.s.d.r.config.RepositoryConfigurationDelegate - Multiple Spring Data modules found, entering strict repository configuration mode!
2021-04-08 10:21:05.321 INFO  o.s.d.r.config.RepositoryConfigurationDelegate - Bootstrapping Spring Data Redis repositories in DEFAULT mode.
2021-04-08 10:21:05.337 INFO  o.s.d.r.config.RepositoryConfigurationDelegate - Finished Spring Data repository scanning in 8 ms. Found 0 Redis repository interfaces.
2021-04-08 10:21:05.791 INFO  o.s.boot.web.embedded.tomcat.TomcatWebServer - Tomcat initialized with port(s): 8086 (http)
2021-04-08 10:21:05.806 INFO  org.apache.coyote.http11.Http11NioProtocol - Initializing ProtocolHandler ["http-nio-8086"]
2021-04-08 10:21:05.806 INFO  org.apache.catalina.core.StandardService - Starting service [Tomcat]
2021-04-08 10:21:05.806 INFO  org.apache.catalina.core.StandardEngine - Starting Servlet engine: [Apache Tomcat/9.0.44]
2021-04-08 10:21:05.891 INFO  o.a.c.core.ContainerBase.[Tomcat].[localhost].[/] - Initializing Spring embedded WebApplicationContext
2021-04-08 10:21:05.891 INFO  o.s.b.w.s.c.ServletWebServerApplicationContext - Root WebApplicationContext: initialization completed in 1109 ms
2021-04-08 10:21:06.069 INFO  org.apache.catalina.core.StandardService - Stopping service [Tomcat]
2021-04-08 10:21:06.091 INFO  o.s.b.a.l.ConditionEvaluationReportLoggingListener - 

Error starting ApplicationContext. To display the conditions report re-run your application with 'debug' enabled.
2021-04-08 10:33:31.403 INFO  com.atguigu.SpringBoot01Application - Starting SpringBoot01Application using Java 1.8.0_91 on DESKTOP-GFVPL3E with PID 2144 (D:\project\spring-boot-01\target\classes started by ADMIN in D:\project\spring-boot-01)
2021-04-08 10:33:31.406 INFO  com.atguigu.SpringBoot01Application - No active profile set, falling back to default profiles: default
2021-04-08 10:33:32.067 INFO  o.s.d.r.config.RepositoryConfigurationDelegate - Multiple Spring Data modules found, entering strict repository configuration mode!
2021-04-08 10:33:32.070 INFO  o.s.d.r.config.RepositoryConfigurationDelegate - Bootstrapping Spring Data Redis repositories in DEFAULT mode.
2021-04-08 10:33:32.099 INFO  o.s.d.r.config.RepositoryConfigurationDelegate - Finished Spring Data repository scanning in 9 ms. Found 0 Redis repository interfaces.
2021-04-08 10:33:32.577 INFO  o.s.boot.web.embedded.tomcat.TomcatWebServer - Tomcat initialized with port(s): 8086 (http)
2021-04-08 10:33:32.586 INFO  org.apache.coyote.http11.Http11NioProtocol - Initializing ProtocolHandler ["http-nio-8086"]
2021-04-08 10:33:32.586 INFO  org.apache.catalina.core.StandardService - Starting service [Tomcat]
2021-04-08 10:33:32.587 INFO  org.apache.catalina.core.StandardEngine - Starting Servlet engine: [Apache Tomcat/9.0.44]
2021-04-08 10:33:32.670 INFO  o.a.c.core.ContainerBase.[Tomcat].[localhost].[/] - Initializing Spring embedded WebApplicationContext
2021-04-08 10:33:32.670 INFO  o.s.b.w.s.c.ServletWebServerApplicationContext - Root WebApplicationContext: initialization completed in 1213 ms
2021-04-08 10:33:32.865 INFO  org.apache.catalina.core.StandardService - Stopping service [Tomcat]
2021-04-08 10:33:32.880 INFO  o.s.b.a.l.ConditionEvaluationReportLoggingListener - 

Error starting ApplicationContext. To display the conditions report re-run your application with 'debug' enabled.
2021-04-08 11:04:31.773 INFO  com.atguigu.SpringBoot01Application - Starting SpringBoot01Application using Java 1.8.0_91 on DESKTOP-GFVPL3E with PID 6612 (D:\project\spring-boot-01\target\classes started by ADMIN in D:\project\spring-boot-01)
2021-04-08 11:04:31.776 INFO  com.atguigu.SpringBoot01Application - No active profile set, falling back to default profiles: default
2021-04-08 11:04:32.359 INFO  o.s.d.r.config.RepositoryConfigurationDelegate - Multiple Spring Data modules found, entering strict repository configuration mode!
2021-04-08 11:04:32.361 INFO  o.s.d.r.config.RepositoryConfigurationDelegate - Bootstrapping Spring Data Redis repositories in DEFAULT mode.
2021-04-08 11:04:32.384 INFO  o.s.d.r.config.RepositoryConfigurationDelegate - Finished Spring Data repository scanning in 9 ms. Found 0 Redis repository interfaces.
2021-04-08 11:04:32.941 INFO  o.s.boot.web.embedded.tomcat.TomcatWebServer - Tomcat initialized with port(s): 8086 (http)
2021-04-08 11:04:32.950 INFO  org.apache.coyote.http11.Http11NioProtocol - Initializing ProtocolHandler ["http-nio-8086"]
2021-04-08 11:04:32.950 INFO  org.apache.catalina.core.StandardService - Starting service [Tomcat]
2021-04-08 11:04:32.951 INFO  org.apache.catalina.core.StandardEngine - Starting Servlet engine: [Apache Tomcat/9.0.44]
2021-04-08 11:04:33.037 INFO  o.a.c.core.ContainerBase.[Tomcat].[localhost].[/] - Initializing Spring embedded WebApplicationContext
2021-04-08 11:04:33.037 INFO  o.s.b.w.s.c.ServletWebServerApplicationContext - Root WebApplicationContext: initialization completed in 1214 ms
2021-04-08 11:04:33.241 INFO  org.apache.catalina.core.StandardService - Stopping service [Tomcat]
2021-04-08 11:04:33.264 INFO  o.s.b.a.l.ConditionEvaluationReportLoggingListener - 

Error starting ApplicationContext. To display the conditions report re-run your application with 'debug' enabled.
2021-04-08 11:05:25.046 INFO  com.atguigu.SpringBoot01ApplicationTests - Starting SpringBoot01ApplicationTests using Java 1.8.0_91 on DESKTOP-GFVPL3E with PID 8216 (started by ADMIN in D:\project\spring-boot-01)
2021-04-08 11:05:25.048 INFO  com.atguigu.SpringBoot01ApplicationTests - No active profile set, falling back to default profiles: default
2021-04-08 11:05:25.744 INFO  o.s.d.r.config.RepositoryConfigurationDelegate - Multiple Spring Data modules found, entering strict repository configuration mode!
2021-04-08 11:05:25.748 INFO  o.s.d.r.config.RepositoryConfigurationDelegate - Bootstrapping Spring Data Redis repositories in DEFAULT mode.
2021-04-08 11:05:25.774 INFO  o.s.d.r.config.RepositoryConfigurationDelegate - Finished Spring Data repository scanning in 10 ms. Found 0 Redis repository interfaces.
2021-04-08 11:05:26.508 INFO  o.s.b.a.l.ConditionEvaluationReportLoggingListener - 

Error starting ApplicationContext. To display the conditions report re-run your application with 'debug' enabled.
2021-04-08 11:05:46.418 INFO  com.atguigu.SpringBoot01ApplicationTests - Starting SpringBoot01ApplicationTests using Java 1.8.0_91 on DESKTOP-GFVPL3E with PID 6448 (started by ADMIN in D:\project\spring-boot-01)
2021-04-08 11:05:46.421 INFO  com.atguigu.SpringBoot01ApplicationTests - No active profile set, falling back to default profiles: default
2021-04-08 11:05:47.048 INFO  o.s.d.r.config.RepositoryConfigurationDelegate - Multiple Spring Data modules found, entering strict repository configuration mode!
2021-04-08 11:05:47.052 INFO  o.s.d.r.config.RepositoryConfigurationDelegate - Bootstrapping Spring Data Redis repositories in DEFAULT mode.
2021-04-08 11:05:47.083 INFO  o.s.d.r.config.RepositoryConfigurationDelegate - Finished Spring Data repository scanning in 13 ms. Found 0 Redis repository interfaces.
2021-04-08 11:05:47.829 INFO  o.s.b.a.l.ConditionEvaluationReportLoggingListener - 

Error starting ApplicationContext. To display the conditions report re-run your application with 'debug' enabled.
2021-04-08 11:06:07.373 INFO  com.atguigu.SpringBoot01Application - Starting SpringBoot01Application using Java 1.8.0_91 on DESKTOP-GFVPL3E with PID 2068 (D:\project\spring-boot-01\target\classes started by ADMIN in D:\project\spring-boot-01)
2021-04-08 11:06:07.376 INFO  com.atguigu.SpringBoot01Application - No active profile set, falling back to default profiles: default
2021-04-08 11:06:07.957 INFO  o.s.d.r.config.RepositoryConfigurationDelegate - Multiple Spring Data modules found, entering strict repository configuration mode!
2021-04-08 11:06:07.959 INFO  o.s.d.r.config.RepositoryConfigurationDelegate - Bootstrapping Spring Data Redis repositories in DEFAULT mode.
2021-04-08 11:06:07.987 INFO  o.s.d.r.config.RepositoryConfigurationDelegate - Finished Spring Data repository scanning in 8 ms. Found 0 Redis repository interfaces.
2021-04-08 11:06:08.427 INFO  o.s.boot.web.embedded.tomcat.TomcatWebServer - Tomcat initialized with port(s): 8086 (http)
2021-04-08 11:06:08.435 INFO  org.apache.coyote.http11.Http11NioProtocol - Initializing ProtocolHandler ["http-nio-8086"]
2021-04-08 11:06:08.436 INFO  org.apache.catalina.core.StandardService - Starting service [Tomcat]
2021-04-08 11:06:08.436 INFO  org.apache.catalina.core.StandardEngine - Starting Servlet engine: [Apache Tomcat/9.0.44]
2021-04-08 11:06:08.513 INFO  o.a.c.core.ContainerBase.[Tomcat].[localhost].[/] - Initializing Spring embedded WebApplicationContext
2021-04-08 11:06:08.513 INFO  o.s.b.w.s.c.ServletWebServerApplicationContext - Root WebApplicationContext: initialization completed in 1092 ms
2021-04-08 11:06:08.685 INFO  org.apache.catalina.core.StandardService - Stopping service [Tomcat]
2021-04-08 11:06:08.702 INFO  o.s.b.a.l.ConditionEvaluationReportLoggingListener - 

Error starting ApplicationContext. To display the conditions report re-run your application with 'debug' enabled.
2021-04-08 11:20:25.021 INFO  com.atguigu.SpringBoot01Application - Starting SpringBoot01Application using Java 1.8.0_91 on DESKTOP-GFVPL3E with PID 7012 (D:\project\spring-boot-01\target\classes started by ADMIN in D:\project\spring-boot-01)
2021-04-08 11:20:25.024 INFO  com.atguigu.SpringBoot01Application - No active profile set, falling back to default profiles: default
2021-04-08 11:20:25.608 INFO  o.s.d.r.config.RepositoryConfigurationDelegate - Multiple Spring Data modules found, entering strict repository configuration mode!
2021-04-08 11:20:25.610 INFO  o.s.d.r.config.RepositoryConfigurationDelegate - Bootstrapping Spring Data Redis repositories in DEFAULT mode.
2021-04-08 11:20:25.639 INFO  o.s.d.r.config.RepositoryConfigurationDelegate - Finished Spring Data repository scanning in 8 ms. Found 0 Redis repository interfaces.
2021-04-08 11:20:26.071 INFO  o.s.boot.web.embedded.tomcat.TomcatWebServer - Tomcat initialized with port(s): 8086 (http)
2021-04-08 11:20:26.079 INFO  org.apache.coyote.http11.Http11NioProtocol - Initializing ProtocolHandler ["http-nio-8086"]
2021-04-08 11:20:26.080 INFO  org.apache.catalina.core.StandardService - Starting service [Tomcat]
2021-04-08 11:20:26.080 INFO  org.apache.catalina.core.StandardEngine - Starting Servlet engine: [Apache Tomcat/9.0.44]
2021-04-08 11:20:26.160 INFO  o.a.c.core.ContainerBase.[Tomcat].[localhost].[/] - Initializing Spring embedded WebApplicationContext
2021-04-08 11:20:26.160 INFO  o.s.b.w.s.c.ServletWebServerApplicationContext - Root WebApplicationContext: initialization completed in 1091 ms
2021-04-08 11:20:26.324 INFO  org.apache.catalina.core.StandardService - Stopping service [Tomcat]
2021-04-08 11:20:26.338 INFO  o.s.b.a.l.ConditionEvaluationReportLoggingListener - 

Error starting ApplicationContext. To display the conditions report re-run your application with 'debug' enabled.
2021-04-08 11:29:05.860 INFO  com.atguigu.SpringBoot01Application - Starting SpringBoot01Application using Java 1.8.0_91 on DESKTOP-GFVPL3E with PID 13152 (D:\project\spring-boot-01\target\classes started by ADMIN in D:\project\spring-boot-01)
2021-04-08 11:29:05.862 INFO  com.atguigu.SpringBoot01Application - No active profile set, falling back to default profiles: default
2021-04-08 11:29:06.528 INFO  o.s.d.r.config.RepositoryConfigurationDelegate - Multiple Spring Data modules found, entering strict repository configuration mode!
2021-04-08 11:29:06.531 INFO  o.s.d.r.config.RepositoryConfigurationDelegate - Bootstrapping Spring Data Redis repositories in DEFAULT mode.
2021-04-08 11:29:06.569 INFO  o.s.d.r.config.RepositoryConfigurationDelegate - Finished Spring Data repository scanning in 9 ms. Found 0 Redis repository interfaces.
2021-04-08 11:29:07.016 INFO  o.s.boot.web.embedded.tomcat.TomcatWebServer - Tomcat initialized with port(s): 8086 (http)
2021-04-08 11:29:07.024 INFO  org.apache.coyote.http11.Http11NioProtocol - Initializing ProtocolHandler ["http-nio-8086"]
2021-04-08 11:29:07.025 INFO  org.apache.catalina.core.StandardService - Starting service [Tomcat]
2021-04-08 11:29:07.025 INFO  org.apache.catalina.core.StandardEngine - Starting Servlet engine: [Apache Tomcat/9.0.44]
2021-04-08 11:29:07.101 INFO  o.a.c.core.ContainerBase.[Tomcat].[localhost].[/] - Initializing Spring embedded WebApplicationContext
2021-04-08 11:29:07.101 INFO  o.s.b.w.s.c.ServletWebServerApplicationContext - Root WebApplicationContext: initialization completed in 1194 ms
2021-04-08 11:29:07.896 INFO  o.s.scheduling.concurrent.ThreadPoolTaskExecutor - Initializing ExecutorService 'applicationTaskExecutor'
2021-04-08 11:29:08.231 INFO  org.apache.coyote.http11.Http11NioProtocol - Starting ProtocolHandler ["http-nio-8086"]
2021-04-08 11:29:08.252 INFO  o.s.boot.web.embedded.tomcat.TomcatWebServer - Tomcat started on port(s): 8086 (http) with context path ''
2021-04-08 11:29:08.261 INFO  com.atguigu.SpringBoot01Application - Started SpringBoot01Application in 2.996 seconds (JVM running for 4.04)
2021-04-08 11:29:41.120 INFO  com.atguigu.SpringBoot01Application - Starting SpringBoot01Application using Java 1.8.0_91 on DESKTOP-GFVPL3E with PID 14312 (D:\project\spring-boot-01\target\classes started by ADMIN in D:\project\spring-boot-01)
2021-04-08 11:29:41.122 INFO  com.atguigu.SpringBoot01Application - No active profile set, falling back to default profiles: default
2021-04-08 11:29:41.742 INFO  o.s.d.r.config.RepositoryConfigurationDelegate - Multiple Spring Data modules found, entering strict repository configuration mode!
2021-04-08 11:29:41.745 INFO  o.s.d.r.config.RepositoryConfigurationDelegate - Bootstrapping Spring Data Redis repositories in DEFAULT mode.
2021-04-08 11:29:41.774 INFO  o.s.d.r.config.RepositoryConfigurationDelegate - Finished Spring Data repository scanning in 8 ms. Found 0 Redis repository interfaces.
2021-04-08 11:29:42.235 INFO  o.s.boot.web.embedded.tomcat.TomcatWebServer - Tomcat initialized with port(s): 8086 (http)
2021-04-08 11:29:42.243 INFO  org.apache.coyote.http11.Http11NioProtocol - Initializing ProtocolHandler ["http-nio-8086"]
2021-04-08 11:29:42.244 INFO  org.apache.catalina.core.StandardService - Starting service [Tomcat]
2021-04-08 11:29:42.244 INFO  org.apache.catalina.core.StandardEngine - Starting Servlet engine: [Apache Tomcat/9.0.44]
2021-04-08 11:29:42.323 INFO  o.a.c.core.ContainerBase.[Tomcat].[localhost].[/] - Initializing Spring embedded WebApplicationContext
2021-04-08 11:29:42.323 INFO  o.s.b.w.s.c.ServletWebServerApplicationContext - Root WebApplicationContext: initialization completed in 1151 ms
2021-04-08 11:29:43.121 INFO  o.s.scheduling.concurrent.ThreadPoolTaskExecutor - Initializing ExecutorService 'applicationTaskExecutor'
2021-04-08 11:29:43.454 INFO  org.apache.coyote.http11.Http11NioProtocol - Starting ProtocolHandler ["http-nio-8086"]
2021-04-08 11:29:43.484 INFO  o.s.boot.web.embedded.tomcat.TomcatWebServer - Tomcat started on port(s): 8086 (http) with context path ''
2021-04-08 11:29:43.494 INFO  com.atguigu.SpringBoot01Application - Started SpringBoot01Application in 3.021 seconds (JVM running for 3.983)
2021-04-08 11:30:25.644 INFO  o.a.c.core.ContainerBase.[Tomcat].[localhost].[/] - Initializing Spring DispatcherServlet 'dispatcherServlet'
2021-04-08 11:30:25.644 INFO  org.springframework.web.servlet.DispatcherServlet - Initializing Servlet 'dispatcherServlet'
2021-04-08 11:30:25.645 INFO  org.springframework.web.servlet.DispatcherServlet - Completed initialization in 1 ms
2021-04-08 11:30:26.294 INFO  com.atguigu.service.impl.RedisServiceImpl - SysUser(id=1, loginName=admin3, nickName=test, icon=null, password=123456, salt=null, tel=8520147, email=921723915@qq.com, locked=null, createDate=null, createBy=null, updateDate=null, updateBy=null, remarks=null, delFlag=null, isAdmin=null)
