2021-04-02 08:48:11.631 INFO  com.atguigu.SpringBoot01Application - Starting SpringBoot01Application using Java 1.8.0_91 on DESKTOP-GFVPL3E with PID 3768 (D:\project\spring-boot-01\target\classes started by ADMIN in D:\project\spring-boot-01)
2021-04-02 08:48:11.634 INFO  com.atguigu.SpringBoot01Application - No active profile set, falling back to default profiles: default
2021-04-02 08:48:12.953 INFO  o.s.boot.web.embedded.tomcat.TomcatWebServer - Tomcat initialized with port(s): 8086 (http)
2021-04-02 08:48:12.963 INFO  org.apache.coyote.http11.Http11NioProtocol - Initializing ProtocolHandler ["http-nio-8086"]
2021-04-02 08:48:12.964 INFO  org.apache.catalina.core.StandardService - Starting service [Tomcat]
2021-04-02 08:48:12.965 INFO  org.apache.catalina.core.StandardEngine - Starting Servlet engine: [Apache Tomcat/9.0.44]
2021-04-02 08:48:13.055 INFO  o.a.c.core.ContainerBase.[Tomcat].[localhost].[/] - Initializing Spring embedded WebApplicationContext
2021-04-02 08:48:13.055 INFO  o.s.b.w.s.c.ServletWebServerApplicationContext - Root WebApplicationContext: initialization completed in 1350 ms
2021-04-02 08:48:13.802 INFO  o.s.scheduling.concurrent.ThreadPoolTaskExecutor - Initializing ExecutorService 'applicationTaskExecutor'
2021-04-02 08:48:14.086 INFO  org.apache.coyote.http11.Http11NioProtocol - Starting ProtocolHandler ["http-nio-8086"]
2021-04-02 08:48:14.126 INFO  o.s.boot.web.embedded.tomcat.TomcatWebServer - Tomcat started on port(s): 8086 (http) with context path ''
2021-04-02 08:48:14.136 INFO  com.atguigu.SpringBoot01Application - Started SpringBoot01Application in 3.374 seconds (JVM running for 5.582)
2021-04-02 08:48:55.091 INFO  o.a.c.core.ContainerBase.[Tomcat].[localhost].[/] - Initializing Spring DispatcherServlet 'dispatcherServlet'
2021-04-02 08:48:55.091 INFO  org.springframework.web.servlet.DispatcherServlet - Initializing Servlet 'dispatcherServlet'
2021-04-02 08:48:55.093 INFO  org.springframework.web.servlet.DispatcherServlet - Completed initialization in 1 ms
2021-04-02 08:48:55.124 INFO  com.atguigu.service.impl.SysUserServiceImpl - =================我是一个测试日志===============
2021-04-02 08:48:55.156 INFO  com.zaxxer.hikari.HikariDataSource - HikariPool-1 - Starting...
2021-04-02 08:48:55.635 INFO  com.zaxxer.hikari.HikariDataSource - HikariPool-1 - Start completed.
2021-04-02 15:15:41.519 INFO  com.atguigu.SpringBoot01Application - Starting SpringBoot01Application using Java 1.8.0_91 on DESKTOP-GFVPL3E with PID 4672 (D:\project\spring-boot-01\target\classes started by ADMIN in D:\project\spring-boot-01)
2021-04-02 15:15:41.573 INFO  com.atguigu.SpringBoot01Application - No active profile set, falling back to default profiles: default
2021-04-02 15:15:42.661 INFO  o.s.boot.web.embedded.tomcat.TomcatWebServer - Tomcat initialized with port(s): 8086 (http)
2021-04-02 15:15:42.672 INFO  org.apache.coyote.http11.Http11NioProtocol - Initializing ProtocolHandler ["http-nio-8086"]
2021-04-02 15:15:42.673 INFO  org.apache.catalina.core.StandardService - Starting service [Tomcat]
2021-04-02 15:15:42.673 INFO  org.apache.catalina.core.StandardEngine - Starting Servlet engine: [Apache Tomcat/9.0.44]
2021-04-02 15:15:42.743 INFO  o.a.c.core.ContainerBase.[Tomcat].[localhost].[/] - Initializing Spring embedded WebApplicationContext
2021-04-02 15:15:42.743 INFO  o.s.b.w.s.c.ServletWebServerApplicationContext - Root WebApplicationContext: initialization completed in 1111 ms
2021-04-02 15:15:43.251 INFO  o.s.scheduling.concurrent.ThreadPoolTaskExecutor - Initializing ExecutorService 'applicationTaskExecutor'
2021-04-02 15:15:43.468 INFO  org.apache.coyote.http11.Http11NioProtocol - Starting ProtocolHandler ["http-nio-8086"]
2021-04-02 15:15:43.497 INFO  o.s.boot.web.embedded.tomcat.TomcatWebServer - Tomcat started on port(s): 8086 (http) with context path ''
2021-04-02 15:15:43.506 INFO  com.atguigu.SpringBoot01Application - Started SpringBoot01Application in 2.744 seconds (JVM running for 3.762)
2021-04-02 15:16:22.736 INFO  o.a.c.core.ContainerBase.[Tomcat].[localhost].[/] - Initializing Spring DispatcherServlet 'dispatcherServlet'
2021-04-02 15:16:22.736 INFO  org.springframework.web.servlet.DispatcherServlet - Initializing Servlet 'dispatcherServlet'
2021-04-02 15:16:22.737 INFO  org.springframework.web.servlet.DispatcherServlet - Completed initialization in 1 ms
2021-04-02 15:28:05.567 INFO  com.atguigu.SpringBoot01Application - Starting SpringBoot01Application using Java 1.8.0_91 on DESKTOP-GFVPL3E with PID 6972 (D:\project\spring-boot-01\target\classes started by ADMIN in D:\project\spring-boot-01)
2021-04-02 15:28:05.570 INFO  com.atguigu.SpringBoot01Application - No active profile set, falling back to default profiles: default
2021-04-02 15:28:06.527 INFO  o.s.boot.web.embedded.tomcat.TomcatWebServer - Tomcat initialized with port(s): 8086 (http)
2021-04-02 15:28:06.535 INFO  org.apache.coyote.http11.Http11NioProtocol - Initializing ProtocolHandler ["http-nio-8086"]
2021-04-02 15:28:06.536 INFO  org.apache.catalina.core.StandardService - Starting service [Tomcat]
2021-04-02 15:28:06.536 INFO  org.apache.catalina.core.StandardEngine - Starting Servlet engine: [Apache Tomcat/9.0.44]
2021-04-02 15:28:06.603 INFO  o.a.c.core.ContainerBase.[Tomcat].[localhost].[/] - Initializing Spring embedded WebApplicationContext
2021-04-02 15:28:06.603 INFO  o.s.b.w.s.c.ServletWebServerApplicationContext - Root WebApplicationContext: initialization completed in 982 ms
2021-04-02 15:28:07.074 INFO  o.s.scheduling.concurrent.ThreadPoolTaskExecutor - Initializing ExecutorService 'applicationTaskExecutor'
2021-04-02 15:28:07.281 INFO  org.apache.coyote.http11.Http11NioProtocol - Starting ProtocolHandler ["http-nio-8086"]
2021-04-02 15:28:07.312 INFO  o.s.boot.web.embedded.tomcat.TomcatWebServer - Tomcat started on port(s): 8086 (http) with context path ''
2021-04-02 15:28:07.321 INFO  com.atguigu.SpringBoot01Application - Started SpringBoot01Application in 2.382 seconds (JVM running for 3.349)
2021-04-02 15:32:11.641 INFO  o.a.c.core.ContainerBase.[Tomcat].[localhost].[/] - Initializing Spring DispatcherServlet 'dispatcherServlet'
2021-04-02 15:32:11.641 INFO  org.springframework.web.servlet.DispatcherServlet - Initializing Servlet 'dispatcherServlet'
2021-04-02 15:32:11.642 INFO  org.springframework.web.servlet.DispatcherServlet - Completed initialization in 1 ms
2021-04-02 15:35:10.916 INFO  com.atguigu.SpringBoot01Application - Starting SpringBoot01Application using Java 1.8.0_91 on DESKTOP-GFVPL3E with PID 12140 (D:\project\spring-boot-01\target\classes started by ADMIN in D:\project\spring-boot-01)
2021-04-02 15:35:10.920 INFO  com.atguigu.SpringBoot01Application - No active profile set, falling back to default profiles: default
2021-04-02 15:35:11.849 INFO  o.s.boot.web.embedded.tomcat.TomcatWebServer - Tomcat initialized with port(s): 8086 (http)
2021-04-02 15:35:11.858 INFO  org.apache.coyote.http11.Http11NioProtocol - Initializing ProtocolHandler ["http-nio-8086"]
2021-04-02 15:35:11.859 INFO  org.apache.catalina.core.StandardService - Starting service [Tomcat]
2021-04-02 15:35:11.859 INFO  org.apache.catalina.core.StandardEngine - Starting Servlet engine: [Apache Tomcat/9.0.44]
2021-04-02 15:35:11.929 INFO  o.a.c.core.ContainerBase.[Tomcat].[localhost].[/] - Initializing Spring embedded WebApplicationContext
2021-04-02 15:35:11.929 INFO  o.s.b.w.s.c.ServletWebServerApplicationContext - Root WebApplicationContext: initialization completed in 958 ms
2021-04-02 15:35:12.463 INFO  o.s.scheduling.concurrent.ThreadPoolTaskExecutor - Initializing ExecutorService 'applicationTaskExecutor'
2021-04-02 15:35:12.658 INFO  org.apache.coyote.http11.Http11NioProtocol - Starting ProtocolHandler ["http-nio-8086"]
2021-04-02 15:35:12.680 INFO  o.s.boot.web.embedded.tomcat.TomcatWebServer - Tomcat started on port(s): 8086 (http) with context path ''
2021-04-02 15:35:12.691 INFO  com.atguigu.SpringBoot01Application - Started SpringBoot01Application in 2.469 seconds (JVM running for 3.46)
2021-04-02 15:35:19.389 INFO  o.a.c.core.ContainerBase.[Tomcat].[localhost].[/] - Initializing Spring DispatcherServlet 'dispatcherServlet'
2021-04-02 15:35:19.389 INFO  org.springframework.web.servlet.DispatcherServlet - Initializing Servlet 'dispatcherServlet'
2021-04-02 15:35:19.390 INFO  org.springframework.web.servlet.DispatcherServlet - Completed initialization in 1 ms
2021-04-02 15:35:19.420 INFO  com.atguigu.service.impl.SysUserServiceImpl - =================我是一个测试日志===============
2021-04-02 15:35:19.442 INFO  com.zaxxer.hikari.HikariDataSource - HikariPool-1 - Starting...
2021-04-02 15:35:19.740 INFO  com.zaxxer.hikari.HikariDataSource - HikariPool-1 - Start completed.
2021-04-02 15:35:41.310 INFO  com.atguigu.SpringBoot01Application - Starting SpringBoot01Application using Java 1.8.0_91 on DESKTOP-GFVPL3E with PID 10796 (D:\project\spring-boot-01\target\classes started by ADMIN in D:\project\spring-boot-01)
2021-04-02 15:35:41.311 INFO  com.atguigu.SpringBoot01Application - No active profile set, falling back to default profiles: default
2021-04-02 15:35:42.363 INFO  o.s.boot.web.embedded.tomcat.TomcatWebServer - Tomcat initialized with port(s): 8086 (http)
2021-04-02 15:35:42.372 INFO  org.apache.coyote.http11.Http11NioProtocol - Initializing ProtocolHandler ["http-nio-8086"]
2021-04-02 15:35:42.372 INFO  org.apache.catalina.core.StandardService - Starting service [Tomcat]
2021-04-02 15:35:42.373 INFO  org.apache.catalina.core.StandardEngine - Starting Servlet engine: [Apache Tomcat/9.0.44]
2021-04-02 15:35:42.444 INFO  o.a.c.core.ContainerBase.[Tomcat].[localhost].[/] - Initializing Spring embedded WebApplicationContext
2021-04-02 15:35:42.445 INFO  o.s.b.w.s.c.ServletWebServerApplicationContext - Root WebApplicationContext: initialization completed in 1090 ms
2021-04-02 15:35:42.997 INFO  o.s.scheduling.concurrent.ThreadPoolTaskExecutor - Initializing ExecutorService 'applicationTaskExecutor'
2021-04-02 15:35:43.217 INFO  org.apache.coyote.http11.Http11NioProtocol - Starting ProtocolHandler ["http-nio-8086"]
2021-04-02 15:35:43.238 INFO  o.s.boot.web.embedded.tomcat.TomcatWebServer - Tomcat started on port(s): 8086 (http) with context path ''
2021-04-02 15:35:43.248 INFO  com.atguigu.SpringBoot01Application - Started SpringBoot01Application in 2.571 seconds (JVM running for 3.547)
2021-04-02 15:35:56.125 INFO  o.a.c.core.ContainerBase.[Tomcat].[localhost].[/] - Initializing Spring DispatcherServlet 'dispatcherServlet'
2021-04-02 15:35:56.126 INFO  org.springframework.web.servlet.DispatcherServlet - Initializing Servlet 'dispatcherServlet'
2021-04-02 15:35:56.127 INFO  org.springframework.web.servlet.DispatcherServlet - Completed initialization in 1 ms
2021-04-02 15:35:56.156 INFO  com.atguigu.service.impl.SysUserServiceImpl - =================我是一个测试日志===============
2021-04-02 15:35:56.181 INFO  com.zaxxer.hikari.HikariDataSource - HikariPool-1 - Starting...
2021-04-02 15:35:56.447 INFO  com.zaxxer.hikari.HikariDataSource - HikariPool-1 - Start completed.
2021-04-02 15:41:15.614 INFO  com.atguigu.SpringBoot01Application - Starting SpringBoot01Application using Java 1.8.0_91 on DESKTOP-GFVPL3E with PID 3228 (D:\project\spring-boot-01\target\classes started by ADMIN in D:\project\spring-boot-01)
2021-04-02 15:41:15.617 INFO  com.atguigu.SpringBoot01Application - No active profile set, falling back to default profiles: default
2021-04-02 15:41:16.497 INFO  o.s.boot.web.embedded.tomcat.TomcatWebServer - Tomcat initialized with port(s): 8086 (http)
2021-04-02 15:41:16.505 INFO  org.apache.coyote.http11.Http11NioProtocol - Initializing ProtocolHandler ["http-nio-8086"]
2021-04-02 15:41:16.505 INFO  org.apache.catalina.core.StandardService - Starting service [Tomcat]
2021-04-02 15:41:16.505 INFO  org.apache.catalina.core.StandardEngine - Starting Servlet engine: [Apache Tomcat/9.0.44]
2021-04-02 15:41:16.569 INFO  o.a.c.core.ContainerBase.[Tomcat].[localhost].[/] - Initializing Spring embedded WebApplicationContext
2021-04-02 15:41:16.569 INFO  o.s.b.w.s.c.ServletWebServerApplicationContext - Root WebApplicationContext: initialization completed in 905 ms
2021-04-02 15:41:17.051 INFO  o.s.scheduling.concurrent.ThreadPoolTaskExecutor - Initializing ExecutorService 'applicationTaskExecutor'
2021-04-02 15:41:17.252 INFO  org.apache.coyote.http11.Http11NioProtocol - Starting ProtocolHandler ["http-nio-8086"]
2021-04-02 15:41:17.275 INFO  o.s.boot.web.embedded.tomcat.TomcatWebServer - Tomcat started on port(s): 8086 (http) with context path ''
2021-04-02 15:41:17.285 INFO  com.atguigu.SpringBoot01Application - Started SpringBoot01Application in 2.289 seconds (JVM running for 3.223)
2021-04-02 15:41:31.823 INFO  o.a.c.core.ContainerBase.[Tomcat].[localhost].[/] - Initializing Spring DispatcherServlet 'dispatcherServlet'
2021-04-02 15:41:31.823 INFO  org.springframework.web.servlet.DispatcherServlet - Initializing Servlet 'dispatcherServlet'
2021-04-02 15:41:31.825 INFO  org.springframework.web.servlet.DispatcherServlet - Completed initialization in 1 ms
2021-04-02 15:42:02.497 INFO  com.atguigu.SpringBoot01Application - Starting SpringBoot01Application using Java 1.8.0_91 on DESKTOP-GFVPL3E with PID 3616 (D:\project\spring-boot-01\target\classes started by ADMIN in D:\project\spring-boot-01)
2021-04-02 15:42:02.500 INFO  com.atguigu.SpringBoot01Application - No active profile set, falling back to default profiles: default
2021-04-02 15:42:03.392 INFO  o.s.boot.web.embedded.tomcat.TomcatWebServer - Tomcat initialized with port(s): 8086 (http)
2021-04-02 15:42:03.400 INFO  org.apache.coyote.http11.Http11NioProtocol - Initializing ProtocolHandler ["http-nio-8086"]
2021-04-02 15:42:03.401 INFO  org.apache.catalina.core.StandardService - Starting service [Tomcat]
2021-04-02 15:42:03.401 INFO  org.apache.catalina.core.StandardEngine - Starting Servlet engine: [Apache Tomcat/9.0.44]
2021-04-02 15:42:03.466 INFO  o.a.c.core.ContainerBase.[Tomcat].[localhost].[/] - Initializing Spring embedded WebApplicationContext
2021-04-02 15:42:03.466 INFO  o.s.b.w.s.c.ServletWebServerApplicationContext - Root WebApplicationContext: initialization completed in 922 ms
2021-04-02 15:42:03.971 INFO  o.s.scheduling.concurrent.ThreadPoolTaskExecutor - Initializing ExecutorService 'applicationTaskExecutor'
2021-04-02 15:42:04.206 INFO  org.apache.coyote.http11.Http11NioProtocol - Starting ProtocolHandler ["http-nio-8086"]
2021-04-02 15:42:04.228 INFO  o.s.boot.web.embedded.tomcat.TomcatWebServer - Tomcat started on port(s): 8086 (http) with context path ''
2021-04-02 15:42:04.237 INFO  com.atguigu.SpringBoot01Application - Started SpringBoot01Application in 2.302 seconds (JVM running for 3.347)
2021-04-02 15:42:11.455 INFO  o.a.c.core.ContainerBase.[Tomcat].[localhost].[/] - Initializing Spring DispatcherServlet 'dispatcherServlet'
2021-04-02 15:42:11.455 INFO  org.springframework.web.servlet.DispatcherServlet - Initializing Servlet 'dispatcherServlet'
2021-04-02 15:42:11.456 INFO  org.springframework.web.servlet.DispatcherServlet - Completed initialization in 0 ms
2021-04-02 15:43:10.330 INFO  com.atguigu.SpringBoot01Application - Starting SpringBoot01Application using Java 1.8.0_91 on DESKTOP-GFVPL3E with PID 15164 (D:\project\spring-boot-01\target\classes started by ADMIN in D:\project\spring-boot-01)
2021-04-02 15:43:10.333 INFO  com.atguigu.SpringBoot01Application - No active profile set, falling back to default profiles: default
2021-04-02 15:43:11.311 INFO  o.s.boot.web.embedded.tomcat.TomcatWebServer - Tomcat initialized with port(s): 8086 (http)
2021-04-02 15:43:11.320 INFO  org.apache.coyote.http11.Http11NioProtocol - Initializing ProtocolHandler ["http-nio-8086"]
2021-04-02 15:43:11.320 INFO  org.apache.catalina.core.StandardService - Starting service [Tomcat]
2021-04-02 15:43:11.321 INFO  org.apache.catalina.core.StandardEngine - Starting Servlet engine: [Apache Tomcat/9.0.44]
2021-04-02 15:43:11.391 INFO  o.a.c.core.ContainerBase.[Tomcat].[localhost].[/] - Initializing Spring embedded WebApplicationContext
2021-04-02 15:43:11.391 INFO  o.s.b.w.s.c.ServletWebServerApplicationContext - Root WebApplicationContext: initialization completed in 1005 ms
2021-04-02 15:43:11.930 INFO  o.s.scheduling.concurrent.ThreadPoolTaskExecutor - Initializing ExecutorService 'applicationTaskExecutor'
2021-04-02 15:43:12.146 INFO  org.apache.coyote.http11.Http11NioProtocol - Starting ProtocolHandler ["http-nio-8086"]
2021-04-02 15:43:12.176 INFO  o.s.boot.web.embedded.tomcat.TomcatWebServer - Tomcat started on port(s): 8086 (http) with context path ''
2021-04-02 15:43:12.185 INFO  com.atguigu.SpringBoot01Application - Started SpringBoot01Application in 2.527 seconds (JVM running for 3.54)
2021-04-02 15:43:26.517 INFO  o.a.c.core.ContainerBase.[Tomcat].[localhost].[/] - Initializing Spring DispatcherServlet 'dispatcherServlet'
2021-04-02 15:43:26.518 INFO  org.springframework.web.servlet.DispatcherServlet - Initializing Servlet 'dispatcherServlet'
2021-04-02 15:43:26.518 INFO  org.springframework.web.servlet.DispatcherServlet - Completed initialization in 0 ms
