2021-04-30 16:36:05.793 INFO  com.atguigu.SpringBoot01Application - Starting SpringBoot01Application using Java 1.8.0_91 on DESKTOP-GFVPL3E with PID 12936 (D:\project\spring-boot-01\target\classes started by ADMIN in D:\project\spring-boot-01)
2021-04-30 16:36:05.798 INFO  com.atguigu.SpringBoot01Application - No active profile set, falling back to default profiles: default
2021-04-30 16:36:06.554 INFO  o.s.d.r.config.RepositoryConfigurationDelegate - Multiple Spring Data modules found, entering strict repository configuration mode!
2021-04-30 16:36:06.556 INFO  o.s.d.r.config.RepositoryConfigurationDelegate - Bootstrapping Spring Data Redis repositories in DEFAULT mode.
2021-04-30 16:36:06.577 INFO  o.s.d.r.config.RepositoryConfigurationDelegate - Finished Spring Data repository scanning in 10 ms. Found 0 Redis repository interfaces.
2021-04-30 16:36:06.768 INFO  o.s.c.s.PostProcessorRegistrationDelegate$BeanPostProcessorChecker - Bean 'redisConfig' of type [com.atguigu.conf.RedisConfig$$EnhancerBySpringCGLIB$$fd4970f4] is not eligible for getting processed by all BeanPostProcessors (for example: not eligible for auto-proxying)
2021-04-30 16:36:06.971 INFO  o.s.boot.web.embedded.tomcat.TomcatWebServer - Tomcat initialized with port(s): 8086 (http)
2021-04-30 16:36:06.978 INFO  org.apache.coyote.http11.Http11NioProtocol - Initializing ProtocolHandler ["http-nio-8086"]
2021-04-30 16:36:06.978 INFO  org.apache.catalina.core.StandardService - Starting service [Tomcat]
2021-04-30 16:36:06.978 INFO  org.apache.catalina.core.StandardEngine - Starting Servlet engine: [Apache Tomcat/9.0.44]
2021-04-30 16:36:07.045 INFO  o.a.c.core.ContainerBase.[Tomcat].[localhost].[/] - Initializing Spring embedded WebApplicationContext
2021-04-30 16:36:07.045 INFO  o.s.b.w.s.c.ServletWebServerApplicationContext - Root WebApplicationContext: initialization completed in 1209 ms
2021-04-30 16:36:07.820 INFO  o.s.scheduling.concurrent.ThreadPoolTaskExecutor - Initializing ExecutorService 'applicationTaskExecutor'
2021-04-30 16:36:07.876 INFO  o.s.b.a.web.servlet.WelcomePageHandlerMapping - Adding welcome page template: index
2021-04-30 16:36:08.201 INFO  org.apache.coyote.http11.Http11NioProtocol - Starting ProtocolHandler ["http-nio-8086"]
2021-04-30 16:36:08.217 INFO  o.s.boot.web.embedded.tomcat.TomcatWebServer - Tomcat started on port(s): 8086 (http) with context path ''
2021-04-30 16:36:08.218 INFO  o.s.a.rabbit.connection.CachingConnectionFactory - Attempting to connect to: 127.0.0.1:5672
2021-04-30 16:36:08.305 INFO  o.s.a.rabbit.connection.CachingConnectionFactory - Created new connection: connectionFactory#58b71ceb:0/SimpleConnection@69c532af [delegate=amqp://guest@127.0.0.1:5672/, localPort= 59763]
2021-04-30 16:36:08.315 INFO  org.springframework.amqp.rabbit.core.RabbitAdmin - Auto-declaring a non-durable, auto-delete, or exclusive Queue (spring.gen-Dpu9ikmtT_eeWYmXKeF3bQ) durable:false, auto-delete:true, exclusive:true. It will be redeclared if the broker stops and is restarted while the connection factory is alive, but all messages will be lost.
2021-04-30 16:36:08.315 INFO  org.springframework.amqp.rabbit.core.RabbitAdmin - Auto-declaring a non-durable, auto-delete, or exclusive Queue (spring.gen-Lr-G87oaQcGG05NDGHbuEw) durable:false, auto-delete:true, exclusive:true. It will be redeclared if the broker stops and is restarted while the connection factory is alive, but all messages will be lost.
2021-04-30 16:36:08.386 INFO  com.atguigu.SpringBoot01Application - Started SpringBoot01Application in 3.123 seconds (JVM running for 3.923)
2021-04-30 16:36:39.560 INFO  o.a.c.core.ContainerBase.[Tomcat].[localhost].[/] - Initializing Spring DispatcherServlet 'dispatcherServlet'
2021-04-30 16:36:39.560 INFO  org.springframework.web.servlet.DispatcherServlet - Initializing Servlet 'dispatcherServlet'
2021-04-30 16:36:39.561 INFO  org.springframework.web.servlet.DispatcherServlet - Completed initialization in 1 ms
2021-04-30 16:36:56.917 INFO  com.zaxxer.hikari.HikariDataSource - HikariPool-1 - Starting...
2021-04-30 16:36:57.151 INFO  com.zaxxer.hikari.HikariDataSource - HikariPool-1 - Start completed.
2021-04-30 16:39:21.545 INFO  com.atguigu.SpringBoot01Application - Starting SpringBoot01Application using Java 1.8.0_91 on DESKTOP-GFVPL3E with PID 16704 (D:\project\spring-boot-01\target\classes started by ADMIN in D:\project\spring-boot-01)
2021-04-30 16:39:21.548 INFO  com.atguigu.SpringBoot01Application - No active profile set, falling back to default profiles: default
2021-04-30 16:39:22.217 INFO  o.s.d.r.config.RepositoryConfigurationDelegate - Multiple Spring Data modules found, entering strict repository configuration mode!
2021-04-30 16:39:22.220 INFO  o.s.d.r.config.RepositoryConfigurationDelegate - Bootstrapping Spring Data Redis repositories in DEFAULT mode.
2021-04-30 16:39:22.244 INFO  o.s.d.r.config.RepositoryConfigurationDelegate - Finished Spring Data repository scanning in 10 ms. Found 0 Redis repository interfaces.
2021-04-30 16:39:22.481 INFO  o.s.c.s.PostProcessorRegistrationDelegate$BeanPostProcessorChecker - Bean 'redisConfig' of type [com.atguigu.conf.RedisConfig$$EnhancerBySpringCGLIB$$d2e580af] is not eligible for getting processed by all BeanPostProcessors (for example: not eligible for auto-proxying)
2021-04-30 16:39:22.763 INFO  o.s.boot.web.embedded.tomcat.TomcatWebServer - Tomcat initialized with port(s): 8086 (http)
2021-04-30 16:39:22.771 INFO  org.apache.coyote.http11.Http11NioProtocol - Initializing ProtocolHandler ["http-nio-8086"]
2021-04-30 16:39:22.772 INFO  org.apache.catalina.core.StandardService - Starting service [Tomcat]
2021-04-30 16:39:22.772 INFO  org.apache.catalina.core.StandardEngine - Starting Servlet engine: [Apache Tomcat/9.0.44]
2021-04-30 16:39:22.845 INFO  o.a.c.core.ContainerBase.[Tomcat].[localhost].[/] - Initializing Spring embedded WebApplicationContext
2021-04-30 16:39:22.845 INFO  o.s.b.w.s.c.ServletWebServerApplicationContext - Root WebApplicationContext: initialization completed in 1250 ms
2021-04-30 16:39:23.948 INFO  o.s.scheduling.concurrent.ThreadPoolTaskExecutor - Initializing ExecutorService 'applicationTaskExecutor'
2021-04-30 16:39:24.016 INFO  o.s.b.a.web.servlet.WelcomePageHandlerMapping - Adding welcome page template: index
2021-04-30 16:39:24.399 INFO  org.apache.coyote.http11.Http11NioProtocol - Starting ProtocolHandler ["http-nio-8086"]
2021-04-30 16:39:24.417 INFO  o.s.boot.web.embedded.tomcat.TomcatWebServer - Tomcat started on port(s): 8086 (http) with context path ''
2021-04-30 16:39:24.419 INFO  o.s.a.rabbit.connection.CachingConnectionFactory - Attempting to connect to: 127.0.0.1:5672
2021-04-30 16:39:24.448 INFO  o.s.a.rabbit.connection.CachingConnectionFactory - Created new connection: connectionFactory#3b009e7b:0/SimpleConnection@45bf93bb [delegate=amqp://guest@127.0.0.1:5672/, localPort= 59925]
2021-04-30 16:39:24.453 INFO  org.springframework.amqp.rabbit.core.RabbitAdmin - Auto-declaring a non-durable, auto-delete, or exclusive Queue (spring.gen-OvSiLO--Qc-MJnAdXwmTEQ) durable:false, auto-delete:true, exclusive:true. It will be redeclared if the broker stops and is restarted while the connection factory is alive, but all messages will be lost.
2021-04-30 16:39:24.453 INFO  org.springframework.amqp.rabbit.core.RabbitAdmin - Auto-declaring a non-durable, auto-delete, or exclusive Queue (spring.gen-_W6qICKeSKCfr1eruAubxQ) durable:false, auto-delete:true, exclusive:true. It will be redeclared if the broker stops and is restarted while the connection factory is alive, but all messages will be lost.
2021-04-30 16:39:24.517 INFO  com.atguigu.SpringBoot01Application - Started SpringBoot01Application in 3.468 seconds (JVM running for 4.884)
2021-04-30 16:39:30.561 INFO  o.a.c.core.ContainerBase.[Tomcat].[localhost].[/] - Initializing Spring DispatcherServlet 'dispatcherServlet'
2021-04-30 16:39:30.561 INFO  org.springframework.web.servlet.DispatcherServlet - Initializing Servlet 'dispatcherServlet'
2021-04-30 16:39:30.562 INFO  org.springframework.web.servlet.DispatcherServlet - Completed initialization in 1 ms
2021-04-30 16:39:30.673 INFO  com.zaxxer.hikari.HikariDataSource - HikariPool-1 - Starting...
2021-04-30 16:39:30.894 INFO  com.zaxxer.hikari.HikariDataSource - HikariPool-1 - Start completed.
2021-04-30 16:59:13.209 INFO  o.s.a.r.listener.SimpleMessageListenerContainer - Waiting for workers to finish.
2021-04-30 16:59:18.958 INFO  com.atguigu.SpringBoot01Application - Starting SpringBoot01Application using Java 1.8.0_91 on DESKTOP-GFVPL3E with PID 3740 (D:\project\spring-boot-01\target\classes started by ADMIN in D:\project\spring-boot-01)
2021-04-30 16:59:18.961 INFO  com.atguigu.SpringBoot01Application - No active profile set, falling back to default profiles: default
2021-04-30 16:59:19.696 INFO  o.s.d.r.config.RepositoryConfigurationDelegate - Multiple Spring Data modules found, entering strict repository configuration mode!
2021-04-30 16:59:19.698 INFO  o.s.d.r.config.RepositoryConfigurationDelegate - Bootstrapping Spring Data Redis repositories in DEFAULT mode.
2021-04-30 16:59:19.722 INFO  o.s.d.r.config.RepositoryConfigurationDelegate - Finished Spring Data repository scanning in 10 ms. Found 0 Redis repository interfaces.
2021-04-30 16:59:19.957 INFO  o.s.c.s.PostProcessorRegistrationDelegate$BeanPostProcessorChecker - Bean 'redisConfig' of type [com.atguigu.conf.RedisConfig$$EnhancerBySpringCGLIB$$d2e580af] is not eligible for getting processed by all BeanPostProcessors (for example: not eligible for auto-proxying)
2021-04-30 16:59:20.246 INFO  o.s.boot.web.embedded.tomcat.TomcatWebServer - Tomcat initialized with port(s): 8086 (http)
2021-04-30 16:59:20.254 INFO  org.apache.coyote.http11.Http11NioProtocol - Initializing ProtocolHandler ["http-nio-8086"]
2021-04-30 16:59:20.255 INFO  org.apache.catalina.core.StandardService - Starting service [Tomcat]
2021-04-30 16:59:20.255 INFO  org.apache.catalina.core.StandardEngine - Starting Servlet engine: [Apache Tomcat/9.0.44]
2021-04-30 16:59:20.331 INFO  o.a.c.core.ContainerBase.[Tomcat].[localhost].[/] - Initializing Spring embedded WebApplicationContext
2021-04-30 16:59:20.331 INFO  o.s.b.w.s.c.ServletWebServerApplicationContext - Root WebApplicationContext: initialization completed in 1324 ms
2021-04-30 16:59:21.252 INFO  o.s.scheduling.concurrent.ThreadPoolTaskExecutor - Initializing ExecutorService 'applicationTaskExecutor'
2021-04-30 16:59:21.319 INFO  o.s.b.a.web.servlet.WelcomePageHandlerMapping - Adding welcome page template: index
2021-04-30 16:59:21.712 INFO  org.apache.coyote.http11.Http11NioProtocol - Starting ProtocolHandler ["http-nio-8086"]
2021-04-30 16:59:21.730 INFO  o.s.boot.web.embedded.tomcat.TomcatWebServer - Tomcat started on port(s): 8086 (http) with context path ''
2021-04-30 16:59:21.732 INFO  o.s.a.rabbit.connection.CachingConnectionFactory - Attempting to connect to: 127.0.0.1:5672
2021-04-30 16:59:21.762 INFO  o.s.a.rabbit.connection.CachingConnectionFactory - Created new connection: connectionFactory#3b009e7b:0/SimpleConnection@404009df [delegate=amqp://guest@127.0.0.1:5672/, localPort= 60663]
2021-04-30 16:59:21.766 INFO  org.springframework.amqp.rabbit.core.RabbitAdmin - Auto-declaring a non-durable, auto-delete, or exclusive Queue (spring.gen-U971xpRSQTCSUN3JiSJI-w) durable:false, auto-delete:true, exclusive:true. It will be redeclared if the broker stops and is restarted while the connection factory is alive, but all messages will be lost.
2021-04-30 16:59:21.766 INFO  org.springframework.amqp.rabbit.core.RabbitAdmin - Auto-declaring a non-durable, auto-delete, or exclusive Queue (spring.gen-pe13mc_8SMeR8U-sn9u-Og) durable:false, auto-delete:true, exclusive:true. It will be redeclared if the broker stops and is restarted while the connection factory is alive, but all messages will be lost.
2021-04-30 16:59:21.830 INFO  com.atguigu.SpringBoot01Application - Started SpringBoot01Application in 3.501 seconds (JVM running for 4.667)
2021-04-30 17:02:31.408 INFO  o.a.c.core.ContainerBase.[Tomcat].[localhost].[/] - Initializing Spring DispatcherServlet 'dispatcherServlet'
2021-04-30 17:02:31.408 INFO  org.springframework.web.servlet.DispatcherServlet - Initializing Servlet 'dispatcherServlet'
2021-04-30 17:02:31.409 INFO  org.springframework.web.servlet.DispatcherServlet - Completed initialization in 1 ms
2021-04-30 17:02:31.518 INFO  com.zaxxer.hikari.HikariDataSource - HikariPool-1 - Starting...
2021-04-30 17:02:31.806 INFO  com.zaxxer.hikari.HikariDataSource - HikariPool-1 - Start completed.
2021-04-30 17:13:42.781 INFO  o.s.a.r.listener.SimpleMessageListenerContainer - Waiting for workers to finish.
